data.azurerm_client_config.current: Reading...
azurerm_resource_group.rg: Refreshing state... [id=/subscriptions/236127a3-01d4-4464-8222-16418b0b9c82/resourceGroups/tfstate-rg]
data.azurerm_client_config.current: Read complete after 0s [id=2024-01-15 05:30:42.130301 +0000 UTC]
azurerm_network_security_group.nsg: Refreshing state... [id=/subscriptions/236127a3-01d4-4464-8222-16418b0b9c82/resourceGroups/tfstate-rg/providers/Microsoft.Network/networkSecurityGroups/nsg-security-group]
azurerm_virtual_network.vnet: Refreshing state... [id=/subscriptions/236127a3-01d4-4464-8222-16418b0b9c82/resourceGroups/tfstate-rg/providers/Microsoft.Network/virtualNetworks/myTFVnet]
azurerm_subnet.subnet: Refreshing state... [id=/subscriptions/236127a3-01d4-4464-8222-16418b0b9c82/resourceGroups/tfstate-rg/providers/Microsoft.Network/virtualNetworks/myTFVnet/subnets/aks-subnet]
data.azuread_domains.aad_domains: Reading...
data.azuread_client_config.current: Reading...
data.azuread_client_config.current: Read complete after 0s [id=c3aeffc9-290a-48aa-ad44-0c75fb1f72b6-04b07795-8ddb-461a-bbee-02f9e1bf7b46-58025c42-0c17-46ec-963e-a0242e7d1ef0]
data.azuread_domains.aad_domains: Read complete after 1s [id=domains#c3aeffc9-290a-48aa-ad44-0c75fb1f72b6#MscQHbWVibWWN8eh5I_o5r5MzJ0=]

Terraform used the selected providers to generate the following execution
plan. Resource actions are indicated with the following symbols:
  - destroy

Terraform will perform the following actions:

  # azurerm_network_security_group.nsg will be destroyed
  - resource "azurerm_network_security_group" "nsg" {
      - id                  = "/subscriptions/236127a3-01d4-4464-8222-16418b0b9c82/resourceGroups/tfstate-rg/providers/Microsoft.Network/networkSecurityGroups/nsg-security-group" -> null
      - location            = "eastus" -> null
      - name                = "nsg-security-group" -> null
      - resource_group_name = "tfstate-rg" -> null
      - security_rule       = [] -> null
      - tags                = {} -> null
    }

  # azurerm_resource_group.rg will be destroyed
  - resource "azurerm_resource_group" "rg" {
      - id       = "/subscriptions/236127a3-01d4-4464-8222-16418b0b9c82/resourceGroups/tfstate-rg" -> null
      - location = "eastus" -> null
      - name     = "tfstate-rg" -> null
      - tags     = {
          - "Environment" = "Terraform Getting Started"
          - "Team"        = "DevOps"
        } -> null
    }

  # azurerm_subnet.subnet will be destroyed
  - resource "azurerm_subnet" "subnet" {
      - address_prefixes                               = [
          - "10.0.2.0/24",
        ] -> null
      - enforce_private_link_endpoint_network_policies = false -> null
      - enforce_private_link_service_network_policies  = false -> null
      - id                                             = "/subscriptions/236127a3-01d4-4464-8222-16418b0b9c82/resourceGroups/tfstate-rg/providers/Microsoft.Network/virtualNetworks/myTFVnet/subnets/aks-subnet" -> null
      - name                                           = "aks-subnet" -> null
      - resource_group_name                            = "tfstate-rg" -> null
      - service_endpoint_policy_ids                    = [] -> null
      - service_endpoints                              = [] -> null
      - virtual_network_name                           = "myTFVnet" -> null
    }

  # azurerm_virtual_network.vnet will be destroyed
  - resource "azurerm_virtual_network" "vnet" {
      - address_space           = [
          - "10.0.0.0/16",
        ] -> null
      - dns_servers             = [
          - "10.0.0.4",
          - "10.0.0.5",
        ] -> null
      - flow_timeout_in_minutes = 0 -> null
      - guid                    = "d5c5915d-4dfd-4416-ab0d-3cd8cb1e55c8" -> null
      - id                      = "/subscriptions/236127a3-01d4-4464-8222-16418b0b9c82/resourceGroups/tfstate-rg/providers/Microsoft.Network/virtualNetworks/myTFVnet" -> null
      - location                = "eastus" -> null
      - name                    = "myTFVnet" -> null
      - resource_group_name     = "tfstate-rg" -> null
      - subnet                  = [
          - {
              - address_prefix = "10.0.2.0/24"
              - id             = "/subscriptions/236127a3-01d4-4464-8222-16418b0b9c82/resourceGroups/tfstate-rg/providers/Microsoft.Network/virtualNetworks/myTFVnet/subnets/aks-subnet"
              - name           = "aks-subnet"
              - security_group = ""
            },
        ] -> null
      - tags                    = {} -> null
    }

Plan: 0 to add, 0 to change, 4 to destroy.

Changes to Outputs:
  - domain_names = [
      - "vijayshankerhotmail.onmicrosoft.com",
    ] -> null

Do you really want to destroy all resources?
  Terraform will destroy all your managed infrastructure, as shown above.
  There is no undo. Only 'yes' will be accepted to confirm.

  Enter a value: 
azurerm_subnet.subnet: Destroying... [id=/subscriptions/236127a3-01d4-4464-8222-16418b0b9c82/resourceGroups/tfstate-rg/providers/Microsoft.Network/virtualNetworks/myTFVnet/subnets/aks-subnet]
azurerm_subnet.subnet: Still destroying... [id=/subscriptions/236127a3-01d4-4464-8222-...alNetworks/myTFVnet/subnets/aks-subnet, 10s elapsed]
azurerm_subnet.subnet: Destruction complete after 11s
azurerm_virtual_network.vnet: Destroying... [id=/subscriptions/236127a3-01d4-4464-8222-16418b0b9c82/resourceGroups/tfstate-rg/providers/Microsoft.Network/virtualNetworks/myTFVnet]
azurerm_virtual_network.vnet: Still destroying... [id=/subscriptions/236127a3-01d4-4464-8222-...osoft.Network/virtualNetworks/myTFVnet, 10s elapsed]
azurerm_virtual_network.vnet: Destruction complete after 11s
azurerm_network_security_group.nsg: Destroying... [id=/subscriptions/236127a3-01d4-4464-8222-16418b0b9c82/resourceGroups/tfstate-rg/providers/Microsoft.Network/networkSecurityGroups/nsg-security-group]
azurerm_network_security_group.nsg: Destruction complete after 2s
azurerm_resource_group.rg: Destroying... [id=/subscriptions/236127a3-01d4-4464-8222-16418b0b9c82/resourceGroups/tfstate-rg]
azurerm_resource_group.rg: Still destroying... [id=/subscriptions/236127a3-01d4-4464-8222-16418b0b9c82/resourceGroups/tfstate-rg, 10s elapsed]
azurerm_resource_group.rg: Still destroying... [id=/subscriptions/236127a3-01d4-4464-8222-16418b0b9c82/resourceGroups/tfstate-rg, 20s elapsed]
azurerm_resource_group.rg: Still destroying... [id=/subscriptions/236127a3-01d4-4464-8222-16418b0b9c82/resourceGroups/tfstate-rg, 30s elapsed]
azurerm_resource_group.rg: Still destroying... [id=/subscriptions/236127a3-01d4-4464-8222-16418b0b9c82/resourceGroups/tfstate-rg, 40s elapsed]
azurerm_resource_group.rg: Still destroying... [id=/subscriptions/236127a3-01d4-4464-8222-16418b0b9c82/resourceGroups/tfstate-rg, 50s elapsed]
azurerm_resource_group.rg: Still destroying... [id=/subscriptions/236127a3-01d4-4464-8222-16418b0b9c82/resourceGroups/tfstate-rg, 1m0s elapsed]
azurerm_resource_group.rg: Still destroying... [id=/subscriptions/236127a3-01d4-4464-8222-16418b0b9c82/resourceGroups/tfstate-rg, 1m10s elapsed]
azurerm_resource_group.rg: Destruction complete after 1m19s

Destroy complete! Resources: 4 destroyed.
